0 info it worked if it ends with ok
1 verbose cli [ '/bin/node', '/usr/local/bin/npm', 'start' ]
2 info using npm@3.10.7
3 info using node@v4.5.0
4 verbose run-script [ 'prestart', 'start', 'poststart' ]
5 info lifecycle domothink-plugin@1.0.0~prestart: domothink-plugin@1.0.0
6 silly lifecycle domothink-plugin@1.0.0~prestart: no script for prestart, continuing
7 info lifecycle domothink-plugin@1.0.0~start: domothink-plugin@1.0.0
8 verbose lifecycle domothink-plugin@1.0.0~start: unsafe-perm in lifecycle true
9 verbose lifecycle domothink-plugin@1.0.0~start: PATH: /usr/local/lib/node_modules/npm/bin/node-gyp-bin:/home/antoine/Projet/domothink-pluginserver/node_modules/.bin:/usr/local/sbin:/usr/local/bin:/usr/sbin:/usr/bin:/sbin:/bin:/usr/games:/usr/local/games
10 verbose lifecycle domothink-plugin@1.0.0~start: CWD: /home/antoine/Projet/domothink-pluginserver
11 silly lifecycle domothink-plugin@1.0.0~start: Args: [ '-c', 'nodejs server.js' ]
12 silly lifecycle domothink-plugin@1.0.0~start: Returned: code: 8  signal: null
13 info lifecycle domothink-plugin@1.0.0~start: Failed to exec start script
14 verbose stack Error: domothink-plugin@1.0.0 start: `nodejs server.js`
14 verbose stack Exit status 8
14 verbose stack     at EventEmitter.<anonymous> (/usr/local/lib/node_modules/npm/lib/utils/lifecycle.js:255:16)
14 verbose stack     at emitTwo (events.js:87:13)
14 verbose stack     at EventEmitter.emit (events.js:172:7)
14 verbose stack     at ChildProcess.<anonymous> (/usr/local/lib/node_modules/npm/lib/utils/spawn.js:40:14)
14 verbose stack     at emitTwo (events.js:87:13)
14 verbose stack     at ChildProcess.emit (events.js:172:7)
14 verbose stack     at maybeClose (internal/child_process.js:829:16)
14 verbose stack     at Process.ChildProcess._handle.onexit (internal/child_process.js:211:5)
15 verbose pkgid domothink-plugin@1.0.0
16 verbose cwd /home/antoine/Projet/domothink-pluginserver
17 error Linux 4.2.0-42-generic
18 error argv "/bin/node" "/usr/local/bin/npm" "start"
19 error node v4.5.0
20 error npm  v3.10.7
21 error code ELIFECYCLE
22 error domothink-plugin@1.0.0 start: `nodejs server.js`
22 error Exit status 8
23 error Failed at the domothink-plugin@1.0.0 start script 'nodejs server.js'.
23 error Make sure you have the latest version of node.js and npm installed.
23 error If you do, this is most likely a problem with the domothink-plugin package,
23 error not with npm itself.
23 error Tell the author that this fails on your system:
23 error     nodejs server.js
23 error You can get information on how to open an issue for this project with:
23 error     npm bugs domothink-plugin
23 error Or if that isn't available, you can get their info via:
23 error     npm owner ls domothink-plugin
23 error There is likely additional logging output above.
24 verbose exit [ 1, true ]
